
> @lendora/web@ build E:\LendoraAI\apps\web
> next build

  ▲ Next.js 14.2.3

   Creating an optimized production build ...
 ✓ Compiled successfully
   Linting and checking validity of types ...
   Collecting page data ...
   Generating static pages (0/9) ...
   Generating static pages (2/9) 
   Generating static pages (4/9) 
   Generating static pages (6/9) 
 ✓ Generating static pages (9/9)
   Finalizing page optimization ...
   Collecting build traces ...

Route (app)                              Size     First Load JS
┌ ○ /                                    2.65 kB         137 kB
├ ○ /_not-found                          873 B            88 kB
├ ○ /borrow                              3.28 kB        90.4 kB
├ ○ /dashboard                           175 B          94.1 kB
├ ○ /request                             5.39 kB         137 kB
└ ○ /system                              138 B          87.3 kB
+ First Load JS shared by all            87.1 kB
  ├ chunks/1dd3208c-6b51645cb9915249.js  53.6 kB
  ├ chunks/286-ed1ef091cc6d5312.js       31.5 kB
  └ other shared chunks (total)          2.05 kB


○  (Static)  prerendered as static content

